before setup
after setup
Enter index controller
entered get by username
entered get by username
com.eventSystem.domain.User@386debc8
Enter index controller
entered get by username
entered get by username
com.eventSystem.domain.User@63ff54ab
Enter index controller
entered get by username
entered get by username
com.eventSystem.domain.User@5e42f4b8
entered get by username
[ROLE_ATTENDEE]
Enter index controller
entered get by username
entered get by username
com.eventSystem.domain.User@42cbd401
before setup
after setup
Enter index controller
entered get by username
entered get by username
com.eventSystem.domain.User@20a726eb
Enter index controller
entered get by username
entered get by username
com.eventSystem.domain.User@7b69c38
entered get by username
[ROLE_ATTENDEE]
Enter index controller
entered get by username
entered get by username
com.eventSystem.domain.User@27a3ea11
Enter index controller
entered get by username
entered get by username
com.eventSystem.domain.User@4adc84f7
entered get by username
[ROLE_ORGANIZER]
Enter index controller
entered get by username
entered get by username
com.eventSystem.domain.User@73f632f0
Enter index controller
entered get by username
entered get by username
com.eventSystem.domain.User@1d742bb8
Enter index controller
entered get by username
entered get by username
com.eventSystem.domain.User@3e4dc0cb
Enter index controller
entered get by username
entered get by username
com.eventSystem.domain.User@773f3a0d
entered get by username
[ROLE_ATTENDEE]
Enter index controller
entered get by username
entered get by username
com.eventSystem.domain.User@1e42c442
Enter index controller
entered get by username
entered get by username
com.eventSystem.domain.User@2ef817
Enter index controller
entered get by username
entered get by username
com.eventSystem.domain.User@3630a16e
entered get by username
[ROLE_ORGANIZER]
Enter index controller
entered get by username
entered get by username
com.eventSystem.domain.User@5f6f882f
Enter index controller
entered get by username
entered get by username
com.eventSystem.domain.User@7c8a8ccc
before setup
after setup
Enter index controller
entered get by username
entered get by username
com.eventSystem.domain.User@38485ad3
Enter index controller
entered get by username
entered get by username
com.eventSystem.domain.User@6c038855
Enter index controller
entered get by username
entered get by username
com.eventSystem.domain.User@7555dedf
Enter index controller
entered get by username
entered get by username
com.eventSystem.domain.User@6f998ef4
Enter index controller
entered get by username
entered get by username
com.eventSystem.domain.User@409a5624
entered get by username
[ROLE_ATTENDEE]
Enter index controller
entered get by username
entered get by username
com.eventSystem.domain.User@2b09e28f
Enter index controller
entered get by username
entered get by username
com.eventSystem.domain.User@41ecdc00
entered get by username
[ROLE_ORGANIZER]
before setup
after setup
entered get by username
Enter index controller
entered get by username
entered get by username
com.eventSystem.domain.User@5a289e18
Enter index controller
entered get by username
entered get by username
com.eventSystem.domain.User@60a3a1bd
entered get by username
[ROLE_ORGANIZER]
Enter index controller
entered get by username
entered get by username
com.eventSystem.domain.User@25b03e16
entered get by username
[ROLE_ORGANIZER]
Enter index controller
entered get by username
entered get by username
com.eventSystem.domain.User@184bd15b
entered get by username
[ROLE_ATTENDEE]
Enter index controller
entered get by username
entered get by username
com.eventSystem.domain.User@383de5be
before setup
after setup
Enter index controller
entered get by username
Enter index controller
entered get by username
entered get by username
entered get by username
com.eventSystem.domain.User@47c417fa
com.eventSystem.domain.User@3236652b
Enter index controller
entered get by username
entered get by username
com.eventSystem.domain.User@60522016
entered get by username
[ROLE_ORGANIZER]
Enter index controller
entered get by username
entered get by username
com.eventSystem.domain.User@6fa6efb0
before setup
after setup
Enter index controller
entered get by username
entered get by username
com.eventSystem.domain.User@2bcd1f90
entered get by username
entered get by username
[ROLE_ORGANIZER]
before setup
after setup
Enter index controller
entered get by username
entered get by username
com.eventSystem.domain.User@3dadd7a8
entered get by username
[ROLE_ORGANIZER]
before setup
after setup
before setup
after setup
Enter index controller
entered get by username
entered get by username
com.eventSystem.domain.User@16499b4a
Enter index controller
entered get by username
entered get by username
com.eventSystem.domain.User@28f6ad42
Enter index controller
entered get by username
entered get by username
com.eventSystem.domain.User@7dc67d86
entered get by username
not present
entered get by username
[ROLE_ORGANIZER]
before setup
after setup
Enter index controller
entered get by username
Enter index controller
entered get by username
entered get by username
entered get by username
com.eventSystem.domain.User@49df750
com.eventSystem.domain.User@704ce9a0
entered get by username
Enter index controller
entered get by username
entered get by username
com.eventSystem.domain.User@581e6d94
entered get by username
[ROLE_ORGANIZER]
Enter index controller
entered get by username
entered get by username
com.eventSystem.domain.User@439de5dd
entered get by username
before setup
after setup
before setup
after setup
Enter index controller
entered get by username
entered get by username
com.eventSystem.domain.User@51d61d04
Enter index controller
entered get by username
entered get by username
com.eventSystem.domain.User@6c7984a6
entered get by username
[ROLE_ORGANIZER]
Enter index controller
entered get by username
entered get by username
com.eventSystem.domain.User@9b7ec48
before setup
after setup
Enter index controller
entered get by username
entered get by username
com.eventSystem.domain.User@18e26dd5
entered get by username
Enter index controller
entered get by username
entered get by username
com.eventSystem.domain.User@3e7ae71b
entered get by username
[ROLE_ORGANIZER]
Enter index controller
entered get by username
entered get by username
com.eventSystem.domain.User@7d818ecb
Enter index controller
entered get by username
entered get by username
com.eventSystem.domain.User@40f47782
entered get by username
Enter index controller
entered get by username
entered get by username
com.eventSystem.domain.User@79009b8
before setup
after setup
Enter index controller
entered get by username
Enter index controller
entered get by username
entered get by username
entered get by username
com.eventSystem.domain.User@5e53adf8
com.eventSystem.domain.User@545438b3
entered get by username
before setup
after setup
before setup
after setup
before setup
after setup
Enter index controller
entered get by username
entered get by username
com.eventSystem.domain.User@3c3cb2a3
Enter index controller
entered get by username
entered get by username
com.eventSystem.domain.User@358087c3
entered get by username
before setup
after setup
before setup
after setup
Enter index controller
entered get by username
Enter index controller
entered get by username
entered get by username
entered get by username
com.eventSystem.domain.User@7797806c
com.eventSystem.domain.User@a2e4325
entered get by username
Enter index controller
entered get by username
entered get by username
com.eventSystem.domain.User@2d21b1a0
Enter index controller
entered get by username
Enter index controller
entered get by username
entered get by username
entered get by username
com.eventSystem.domain.User@355a9744
com.eventSystem.domain.User@4c755068
entered get by username
before setup
after setup
Enter index controller
entered get by username
entered get by username
com.eventSystem.domain.User@7c3fd198
entered get by username
[ROLE_ORGANIZER]
Enter index controller
entered get by username
entered get by username
com.eventSystem.domain.User@1470ea7b
entered get by username
before setup
after setup
Enter index controller
entered get by username
entered get by username
com.eventSystem.domain.User@b93e7b8
entered get by username
Enter index controller
entered get by username
entered get by username
com.eventSystem.domain.User@7f1ba7cd
Enter index controller
entered get by username
entered get by username
com.eventSystem.domain.User@666ad8b1
entered get by username
entered get by username
not present
entered get by username
entered get by username
not present
entered get by username
Enter index controller
entered get by username
entered get by username
com.eventSystem.domain.User@23301883
entered get by username
[ROLE_ORGANIZER]
before setup
after setup
entered get by username
not present
entered get by username
before setup
after setup
before setup
after setup
before setup
after setup
Enter index controller
entered get by username
entered get by username
com.eventSystem.domain.User@637b767f
Enter index controller
entered get by username
entered get by username
com.eventSystem.domain.User@2446b337
entered get by username
[ROLE_ORGANIZER]
before setup
after setup
before setup
after setup
before setup
after setup
before setup
after setup
before setup
after setup
before setup
after setup
before setup
after setup
entered get by username
not present
entered get by username
[ROLE_ORGANIZER]
before setup
after setup
before setup
after setup
before setup
after setup
entered get by username
not present
entered get by username
[ROLE_ORGANIZER]
before setup
after setup
before setup
after setup
before setup
after setup
before setup
after setup
before setup
after setup
before setup
after setup
before setup
after setup
before setup
after setup
before setup
after setup
before setup
after setup
before setup
after setup
entered get by username
not present
entered get by username
before setup
after setup
before setup
after setup
before setup
after setup
before setup
after setup
before setup
after setup
entered get by username
not present
entered get by username
before setup
after setup
Enter index controller
entered get by username
entered get by username
com.eventSystem.domain.User@7eaa867c
before setup
after setup
Enter index controller
entered get by username
entered get by username
com.eventSystem.domain.User@38b98531
Enter index controller
entered get by username
entered get by username
com.eventSystem.domain.User@3ea92349
Enter index controller
entered get by username
entered get by username
com.eventSystem.domain.User@7ed635e7
a
entered get by username
not present
Optional.empty
entered get by username
not present
Enter index controller
entered get by username
entered get by username
com.eventSystem.domain.User@63e6f761
entered get by username
[ROLE_ATTENDEE]
Enter index controller
entered get by username
entered get by username
com.eventSystem.domain.User@45726f4b
Enter index controller
entered get by username
entered get by username
com.eventSystem.domain.User@72db8393
Enter index controller
entered get by username
entered get by username
com.eventSystem.domain.User@5b4ed1ed
Enter index controller
entered get by username
entered get by username
com.eventSystem.domain.User@7cd7b170
entered get by username
[ROLE_ORGANIZER]
Enter index controller
entered get by username
entered get by username
com.eventSystem.domain.User@235f5685
Enter index controller
entered get by username
entered get by username
com.eventSystem.domain.User@30ef2bfd
Enter index controller
entered get by username
entered get by username
com.eventSystem.domain.User@62866570
Enter index controller
entered get by username
entered get by username
com.eventSystem.domain.User@1f8d7d4f
Enter index controller
entered get by username
entered get by username
com.eventSystem.domain.User@770f2c07
entered get by username
[ROLE_ATTENDEE]
Enter index controller
entered get by username
entered get by username
com.eventSystem.domain.User@4df10e98
Enter index controller
entered get by username
entered get by username
com.eventSystem.domain.User@3db420e3
Enter index controller
entered get by username
entered get by username
com.eventSystem.domain.User@35cc5d7f
entered get by username
[ROLE_ATTENDEE]
Enter index controller
entered get by username
entered get by username
com.eventSystem.domain.User@69b2a3e8
Enter index controller
entered get by username
entered get by username
com.eventSystem.domain.User@1ff101fb
entered get by username
[ROLE_ORGANIZER]
before setup
after setup
